This is pdfTeX, Version 3.1415926-2.3-1.40.12 (MiKTeX 2.9) (preloaded format=pdflatex 2016.6.24)  24 JUN 2016 08:56
entering extended mode
**C:/Users/iCell/Dropbox/PHD/åˆ˜æ™“é›ª/science/scifile.tex
(C:/Users/iCell/Dropbox/PHD/åˆ˜æ™“é›ª/science/scifile.tex
LaTeX2e <2011/06/27>
Babel <v3.8m> and hyphenation patterns for loaded.
(D:\CTEX\MiKTeX\tex\latex\base\article.cls
Document Class: article 2007/10/19 v1.4h Standard LaTeX document class
(D:\CTEX\MiKTeX\tex\latex\base\size12.clo
File: size12.clo 2007/10/19 v1.4h Standard LaTeX file (size option)
)
\c@part=\count79
\c@section=\count80
\c@subsection=\count81
\c@subsubsection=\count82
\c@paragraph=\count83
\c@subparagraph=\count84
\c@figure=\count85
\c@table=\count86
\abovecaptionskip=\skip41
\belowcaptionskip=\skip42
\bibindent=\dimen102
)
(D:\CTEX\MiKTeX\tex\latex\base\latexsym.sty
Package: latexsym 1998/08/17 v2.2e Standard LaTeX package (lasy symbols)
\symlasy=\mathgroup4
LaTeX Font Info:    Overwriting symbol font `lasy' in version `bold'
(Font)                  U/lasy/m/n --> U/lasy/b/n on input line 47.
)
(D:\CTEX\MiKTeX\tex\latex\amsfonts\amssymb.sty
Package: amssymb 2009/06/22 v3.00

(D:\CTEX\MiKTeX\tex\latex\amsfonts\amsfonts.sty
Package: amsfonts 2009/06/22 v3.00 Basic AMSFonts support
\@emptytoks=\toks14
\symAMSa=\mathgroup5
\symAMSb=\mathgroup6
LaTeX Font Info:    Overwriting math alphabet `\mathfrak' in version `bold'
(Font)                  U/euf/m/n --> U/euf/b/n on input line 96.
))
(D:\CTEX\MiKTeX\tex\latex\ams\math\amsmath.sty
Package: amsmath 2000/07/18 v2.13 AMS math features
\@mathmargin=\skip43

For additional information on amsmath, use the `?' option.
(D:\CTEX\MiKTeX\tex\latex\ams\math\amstext.sty
Package: amstext 2000/06/29 v2.01

(D:\CTEX\MiKTeX\tex\latex\ams\math\amsgen.sty
File: amsgen.sty 1999/11/30 v2.0
\@emptytoks=\toks15
\ex@=\dimen103
))
(D:\CTEX\MiKTeX\tex\latex\ams\math\amsbsy.sty
Package: amsbsy 1999/11/29 v1.2d
\pmbraise@=\dimen104
)
(D:\CTEX\MiKTeX\tex\latex\ams\math\amsopn.sty
Package: amsopn 1999/12/14 v2.01 operator names
)
\inf@bad=\count87
LaTeX Info: Redefining \frac on input line 211.
\uproot@=\count88
\leftroot@=\count89
LaTeX Info: Redefining \overline on input line 307.
\classnum@=\count90
\DOTSCASE@=\count91
LaTeX Info: Redefining \ldots on input line 379.
LaTeX Info: Redefining \dots on input line 382.
LaTeX Info: Redefining \cdots on input line 467.
\Mathstrutbox@=\box26
\strutbox@=\box27
\big@size=\dimen105
LaTeX Font Info:    Redeclaring font encoding OML on input line 567.
LaTeX Font Info:    Redeclaring font encoding OMS on input line 568.
\macc@depth=\count92
\c@MaxMatrixCols=\count93
\dotsspace@=\muskip10
\c@parentequation=\count94
\dspbrk@lvl=\count95
\tag@help=\toks16
\row@=\count96
\column@=\count97
\maxfields@=\count98
\andhelp@=\toks17
\eqnshift@=\dimen106
\alignsep@=\dimen107
\tagshift@=\dimen108
\tagwidth@=\dimen109
\totwidth@=\dimen110
\lineht@=\dimen111
\@envbody=\toks18
\multlinegap=\skip44
\multlinetaggap=\skip45
\mathdisplay@stack=\toks19
LaTeX Info: Redefining \[ on input line 2666.
LaTeX Info: Redefining \] on input line 2667.
)
(D:\CTEX\MiKTeX\tex\latex\graphics\graphicx.sty
Package: graphicx 1999/02/16 v1.0f Enhanced LaTeX Graphics (DPC,SPQR)

(D:\CTEX\MiKTeX\tex\latex\graphics\keyval.sty
Package: keyval 1999/03/16 v1.13 key=value parser (DPC)
\KV@toks@=\toks20
)
(D:\CTEX\MiKTeX\tex\latex\graphics\graphics.sty
Package: graphics 2009/02/05 v1.0o Standard LaTeX Graphics (DPC,SPQR)

(D:\CTEX\MiKTeX\tex\latex\graphics\trig.sty
Package: trig 1999/03/16 v1.09 sin cos tan (DPC)
)
(D:\CTEX\MiKTeX\tex\latex\00miktex\graphics.cfg
File: graphics.cfg 2007/01/18 v1.5 graphics configuration of teTeX/TeXLive
)
Package graphics Info: Driver file: pdftex.def on input line 91.

(D:\CTEX\MiKTeX\tex\latex\pdftex-def\pdftex.def
File: pdftex.def 2011/05/27 v0.06d Graphics/color for pdfTeX

(D:\CTEX\MiKTeX\tex\generic\oberdiek\infwarerr.sty
Package: infwarerr 2010/04/08 v1.3 Providing info/warning/message (HO)
)
(D:\CTEX\MiKTeX\tex\generic\oberdiek\ltxcmds.sty
Package: ltxcmds 2011/04/18 v1.20 LaTeX kernel commands for general use (HO)
)
\Gread@gobject=\count99
))
\Gin@req@height=\dimen112
\Gin@req@width=\dimen113
)
(D:\CTEX\MiKTeX\tex\latex\psnfss\times.sty
Package: times 2005/04/12 PSNFSS-v9.2a (SPQR) 
)
(D:\CTEX\MiKTeX\tex\latex\psfrag\psfrag.sty
Package: psfrag 1998/04/11 v3.04 PSfrag (MCG)
\pfg@pcount=\count100
\pfg@scount=\count101
\pfg@temp=\write3
)
(C:\Users\iCell\Dropbox\PHD\åˆ˜æ™“é›ª\science\subfigure.sty)
(D:\CTEX\MiKTeX\tex\latex\oberdiek\epstopdf.sty
Package: epstopdf 2010/02/09 v2.5 Conversion with epstopdf on the fly (HO)

(D:\CTEX\MiKTeX\tex\latex\oberdiek\epstopdf-base.sty
Package: epstopdf-base 2010/02/09 v2.5 Base part for package epstopdf

(D:\CTEX\MiKTeX\tex\latex\oberdiek\grfext.sty
Package: grfext 2010/08/19 v1.1 Managing graphics extensions (HO)

(D:\CTEX\MiKTeX\tex\generic\oberdiek\kvdefinekeys.sty
Package: kvdefinekeys 2011/04/07 v1.3 Defining keys (HO)
))
(D:\CTEX\MiKTeX\tex\latex\oberdiek\kvoptions.sty
Package: kvoptions 2010/12/23 v3.10 Keyval support for LaTeX options (HO)

(D:\CTEX\MiKTeX\tex\generic\oberdiek\kvsetkeys.sty
Package: kvsetkeys 2011/04/07 v1.13 Key value parser (HO)

(D:\CTEX\MiKTeX\tex\generic\oberdiek\etexcmds.sty
Package: etexcmds 2011/02/16 v1.5 Prefix for e-TeX command names (HO)

(D:\CTEX\MiKTeX\tex\generic\oberdiek\ifluatex.sty
Package: ifluatex 2010/03/01 v1.3 Provides the ifluatex switch (HO)
Package ifluatex Info: LuaTeX not detected.
)
Package etexcmds Info: Could not find \expanded.
(etexcmds)             That can mean that you are not using pdfTeX 1.50 or
(etexcmds)             that some package has redefined \expanded.
(etexcmds)             In the latter case, load this package earlier.
)))
(D:\CTEX\MiKTeX\tex\generic\oberdiek\pdftexcmds.sty
Package: pdftexcmds 2011/04/22 v0.16 Utilities of pdfTeX for LuaTeX (HO)

(D:\CTEX\MiKTeX\tex\generic\oberdiek\ifpdf.sty
Package: ifpdf 2011/01/30 v2.3 Provides the ifpdf switch (HO)
Package ifpdf Info: pdfTeX in PDF mode is detected.
)
Package pdftexcmds Info: LuaTeX not detected.
Package pdftexcmds Info: \pdf@primitive is available.
Package pdftexcmds Info: \pdf@ifprimitive is available.
Package pdftexcmds Info: \pdfdraftmode found.
)
Package grfext Info: Graphics extension search list:
(grfext)             [.png,.pdf,.jpg,.mps,.jpeg,.jbig2,.jb2,.PNG,.PDF,.JPG,.JPE
G,.JBIG2,.JB2,.eps]
(grfext)             \AppendGraphicsExtensions on input line 452.
))
(D:\CTEX\MiKTeX\tex\latex\cjk\CJK.sty
Package: CJK 2008/12/29 4.8.2

(D:\CTEX\MiKTeX\tex\latex\cjk\mule\MULEenc.sty
Package: MULEenc 2008/12/29 4.8.2
)
(D:\CTEX\MiKTeX\tex\latex\cjk\CJK.enc
File: CJK.enc 2008/12/29 4.8.2
)
LaTeX Info: Redefining \selectfont on input line 756.
\CJK@indent=\box28
)
(D:\CTEX\MiKTeX\tex\latex\booktabs\booktabs.sty
Package: booktabs 2005/04/14 v1.61803 publication quality tables
\heavyrulewidth=\dimen114
\lightrulewidth=\dimen115
\cmidrulewidth=\dimen116
\belowrulesep=\dimen117
\belowbottomsep=\dimen118
\aboverulesep=\dimen119
\abovetopsep=\dimen120
\cmidrulesep=\dimen121
\cmidrulekern=\dimen122
\defaultaddspace=\dimen123
\@cmidla=\count102
\@cmidlb=\count103
\@aboverulesep=\dimen124
\@belowrulesep=\dimen125
\@thisruleclass=\count104
\@lastruleclass=\count105
\@thisrulewidth=\dimen126
)
(C:\Users\iCell\Dropbox\PHD\åˆ˜æ™“é›ª\science\scicite.sty
LaTeX Info: Redefining \cite on input line 160.
LaTeX Info: Redefining \nocite on input line 227.
Package: scicite 2003/11/04  v 4.01
)
\c@lastnote=\count106

(C:\Users\iCell\Dropbox\PHD\åˆ˜æ™“é›ª\science\scifile.aux

LaTeX Warning: Label `f6' multiply defined.


LaTeX Warning: Label `figzh1' multiply defined.


LaTeX Warning: Label `figzh1' multiply defined.


LaTeX Warning: Label `f6' multiply defined.


LaTeX Warning: Label `figzh1' multiply defined.

)
LaTeX Font Info:    Checking defaults for OML/cmm/m/it on input line 110.
LaTeX Font Info:    ... okay on input line 110.
LaTeX Font Info:    Checking defaults for T1/cmr/m/n on input line 110.
LaTeX Font Info:    ... okay on input line 110.
LaTeX Font Info:    Checking defaults for OT1/cmr/m/n on input line 110.
LaTeX Font Info:    ... okay on input line 110.
LaTeX Font Info:    Checking defaults for OMS/cmsy/m/n on input line 110.
LaTeX Font Info:    ... okay on input line 110.
LaTeX Font Info:    Checking defaults for OMX/cmex/m/n on input line 110.
LaTeX Font Info:    ... okay on input line 110.
LaTeX Font Info:    Checking defaults for U/cmr/m/n on input line 110.
LaTeX Font Info:    ... okay on input line 110.
LaTeX Font Info:    Checking defaults for C00/song/m/n on input line 110.
LaTeX Font Info:    ... okay on input line 110.
LaTeX Font Info:    Checking defaults for C05/song/m/n on input line 110.
LaTeX Font Info:    ... okay on input line 110.
LaTeX Font Info:    Checking defaults for C09/song/m/n on input line 110.
LaTeX Font Info:    ... okay on input line 110.
LaTeX Font Info:    Checking defaults for C10/song/m/n on input line 110.
LaTeX Font Info:    ... okay on input line 110.
LaTeX Font Info:    Checking defaults for C20/song/m/n on input line 110.
LaTeX Font Info:    ... okay on input line 110.
LaTeX Font Info:    Checking defaults for C19/song/m/n on input line 110.
LaTeX Font Info:    ... okay on input line 110.
LaTeX Font Info:    Checking defaults for C40/song/m/n on input line 110.
LaTeX Font Info:    ... okay on input line 110.
LaTeX Font Info:    Checking defaults for C42/song/m/n on input line 110.
LaTeX Font Info:    ... okay on input line 110.
LaTeX Font Info:    Checking defaults for C43/song/m/n on input line 110.
LaTeX Font Info:    ... okay on input line 110.
LaTeX Font Info:    Checking defaults for C50/song/m/n on input line 110.
LaTeX Font Info:    ... okay on input line 110.
LaTeX Font Info:    Checking defaults for C52/song/m/n on input line 110.
LaTeX Font Info:    ... okay on input line 110.
LaTeX Font Info:    Checking defaults for C49/song/m/n on input line 110.
LaTeX Font Info:    ... okay on input line 110.
LaTeX Font Info:    Checking defaults for C60/mj/m/n on input line 110.
LaTeX Font Info:    ... okay on input line 110.
LaTeX Font Info:    Checking defaults for C61/mj/m/n on input line 110.
LaTeX Font Info:    ... okay on input line 110.
LaTeX Font Info:    Checking defaults for C63/mj/m/n on input line 110.
LaTeX Font Info:    ... okay on input line 110.
LaTeX Font Info:    Checking defaults for C64/mj/m/n on input line 110.
LaTeX Font Info:    ... okay on input line 110.
LaTeX Font Info:    Checking defaults for C65/mj/m/n on input line 110.
LaTeX Font Info:    ... okay on input line 110.
LaTeX Font Info:    Checking defaults for C70/song/m/n on input line 110.
LaTeX Font Info:    ... okay on input line 110.
LaTeX Font Info:    Checking defaults for C31/song/m/n on input line 110.
LaTeX Font Info:    ... okay on input line 110.
LaTeX Font Info:    Checking defaults for C32/song/m/n on input line 110.
LaTeX Font Info:    ... okay on input line 110.
LaTeX Font Info:    Checking defaults for C33/song/m/n on input line 110.
LaTeX Font Info:    ... okay on input line 110.
LaTeX Font Info:    Checking defaults for C34/song/m/n on input line 110.
LaTeX Font Info:    ... okay on input line 110.
LaTeX Font Info:    Checking defaults for C35/song/m/n on input line 110.
LaTeX Font Info:    ... okay on input line 110.
LaTeX Font Info:    Checking defaults for C36/song/m/n on input line 110.
LaTeX Font Info:    ... okay on input line 110.
LaTeX Font Info:    Checking defaults for C37/song/m/n on input line 110.
LaTeX Font Info:    ... okay on input line 110.
LaTeX Font Info:    Checking defaults for C80/song/m/n on input line 110.
LaTeX Font Info:    ... okay on input line 110.
LaTeX Font Info:    Checking defaults for C81/song/m/n on input line 110.
LaTeX Font Info:    ... okay on input line 110.
LaTeX Font Info:    Checking defaults for C01/song/m/n on input line 110.
LaTeX Font Info:    ... okay on input line 110.
LaTeX Font Info:    Checking defaults for C11/song/m/n on input line 110.
LaTeX Font Info:    ... okay on input line 110.
LaTeX Font Info:    Checking defaults for C21/song/m/n on input line 110.
LaTeX Font Info:    ... okay on input line 110.
LaTeX Font Info:    Checking defaults for C41/song/m/n on input line 110.
LaTeX Font Info:    ... okay on input line 110.
LaTeX Font Info:    Checking defaults for C62/song/m/n on input line 110.
LaTeX Font Info:    ... okay on input line 110.
LaTeX Font Info:    Try loading font information for OT1+ptm on input line 110.

 (D:\CTEX\MiKTeX\tex\latex\psnfss\ot1ptm.fd
File: ot1ptm.fd 2001/06/04 font definitions for OT1/ptm.
)
(D:\CTEX\MiKTeX\tex\context\base\supp-pdf.mkii
[Loading MPS to PDF converter (version 2006.09.02).]
\scratchcounter=\count107
\scratchdimen=\dimen127
\scratchbox=\box29
\nofMPsegments=\count108
\nofMParguments=\count109
\everyMPshowfont=\toks21
\MPscratchCnt=\count110
\MPscratchDim=\dimen128
\MPnumerator=\count111
\makeMPintoPDFobject=\count112
\everyMPtoPDFconversion=\toks22
)
LaTeX Font Info:    Try loading font information for U+lasy on input line 118.
 (D:\CTEX\MiKTeX\tex\latex\base\ulasy.fd
File: ulasy.fd 1998/08/17 v2.2e LaTeX symbol font definitions
)
LaTeX Font Info:    Try loading font information for U+msa on input line 118.

(D:\CTEX\MiKTeX\tex\latex\amsfonts\umsa.fd
File: umsa.fd 2009/06/22 v3.00 AMS symbols A
)
LaTeX Font Info:    Try loading font information for U+msb on input line 118.

(D:\CTEX\MiKTeX\tex\latex\amsfonts\umsb.fd
File: umsb.fd 2009/06/22 v3.00 AMS symbols B
)
LaTeX Font Info:    Font shape `OT1/ptm/bx/n' in size <12> not available
(Font)              Font shape `OT1/ptm/b/n' tried instead on input line 124.
 [1
Non-PDF special ignored!

{D:/CTEX/UserData/pdftex/config/pdftex.map{Unicode.sfd}{UGBK.sfd}}]
LaTeX Font Info:    Font shape `OT1/ptm/bx/n' in size <17.28> not available
(Font)              Font shape `OT1/ptm/b/n' tried instead on input line 139.

Overfull \hbox (18.5237pt too wide) in paragraph at lines 141--142
\OT1/ptm/m/n/12 In re-cen-t years,the in-ci-dence and mor-tal-i-ty of lung can-
cer world-wide shows a ris-ing trend.According
 []

[2]
Missing character: There is no ¦ in font ptmr7t!
Missing character: There is no Ì in font ptmr7t!
Missing character: There is no ¡ in font ptmr7t!
Missing character: There is no Ü in font ptmr7t!
Missing character: There is no ¦ in font ptmr7t!
Missing character: There is no Ì in font ptmr7t!
 [3] [4] [5]
Overfull \hbox (29.65282pt too wide) in paragraph at lines 191--194
\OT1/ptm/m/n/12 then de-rive the con-cep-tion of new causal-i-ty.According to t
he for-mu-la(2), $[] \OML/cmm/m/it/12 a[]X[]$\OT1/ptm/m/n/12 ,$[] \OML/cmm/m/it
/12 a[]X[]$
 []

[6] <smog.pdf, id=34, 614.295pt x 794.97pt>
File: smog.pdf Graphic file (type pdf)
 <use smog.pdf>
Package pdftex.def Info: smog.pdf used on input line 226.
(pdftex.def)             Requested size: 216.81pt x 280.57268pt.

<rawData.pdf, id=35, 614.295pt x 794.97pt>
File: rawData.pdf Graphic file (type pdf)
 <use rawData.pdf>
Package pdftex.def Info: rawData.pdf used on input line 227.
(pdftex.def)             Requested size: 216.81pt x 280.57268pt.
 [7] [8 <C:/Users/iCell/Dropbox/PHD/åˆ˜æ™“é›ª/science/smog.pdf> <C:/Users/iCell
/Dropbox/PHD/åˆ˜æ™“é›ª/science/rawData.pdf>] <AIC.pdf, id=50, 614.295pt x 794.9
7pt>
File: AIC.pdf Graphic file (type pdf)
 <use AIC.pdf>
Package pdftex.def Info: AIC.pdf used on input line 250.
(pdftex.def)             Requested size: 216.81pt x 280.57268pt.

Overfull \hbox (17.7244pt too wide) in paragraph at lines 264--265
\OT1/ptm/m/n/12 quence) to $\OML/cmm/m/it/12 X[]$\OT1/ptm/m/n/12 .Repeat this p
ro-cess 100 times,then we get 100 GC val-ues and NC val-ues.Secondly,we
 []

[9 <C:/Users/iCell/Dropbox/PHD/åˆ˜æ™“é›ª/science/AIC.pdf>]
<significanceIndentifyGC2.pdf, id=57, 614.295pt x 794.97pt>
File: significanceIndentifyGC2.pdf Graphic file (type pdf)

<use significanceIndentifyGC2.pdf>
Package pdftex.def Info: significanceIndentifyGC2.pdf used on input line 272.
(pdftex.def)             Requested size: 216.81pt x 280.57268pt.

<significanceIndentifyNewCausality2.pdf, id=58, 614.295pt x 794.97pt>
File: significanceIndentifyNewCausality2.pdf Graphic file (type pdf)

<use significanceIndentifyNewCausality2.pdf>
Package pdftex.def Info: significanceIndentifyNewCausality2.pdf used on input l
ine 273.
(pdftex.def)             Requested size: 216.81pt x 280.57268pt.
 [10 <C:/Users/iCell/Dropbox/PHD/åˆ˜æ™“é›ª/science/significanceIndentifyGC2.pdf
> <C:/Users/iCell/Dropbox/PHD/åˆ˜æ™“é›ª/science/significanceIndentifyNewCausali
ty2.pdf>]
<ervryPart1_9.pdf, id=68, 614.295pt x 794.97pt>
File: ervryPart1_9.pdf Graphic file (type pdf)
 <use ervryPart1_9.pdf>
Package pdftex.def Info: ervryPart1_9.pdf used on input line 292.
(pdftex.def)             Requested size: 216.81pt x 280.57268pt.

<pie.pdf, id=69, 614.295pt x 794.97pt>
File: pie.pdf Graphic file (type pdf)
 <use pie.pdf>
Package pdftex.def Info: pie.pdf used on input line 309.
(pdftex.def)             Requested size: 216.81pt x 280.57268pt.
 [11 <C:/Users/iCell/Dropbox/PHD/åˆ˜æ™“é›ª/science/ervryPart1_9.pdf>] [12 <C:/U
sers/iCell/Dropbox/PHD/åˆ˜æ™“é›ª/science/pie.pdf>]
<newCausalityFenDuan2.pdf, id=82, 614.295pt x 794.97pt>
File: newCausalityFenDuan2.pdf Graphic file (type pdf)

<use newCausalityFenDuan2.pdf>
Package pdftex.def Info: newCausalityFenDuan2.pdf used on input line 335.
(pdftex.def)             Requested size: 216.81pt x 280.57268pt.

<grangerCuFenDuan.pdf, id=83, 614.295pt x 794.97pt>
File: grangerCuFenDuan.pdf Graphic file (type pdf)
 <use grangerCuFenDuan.pdf>
Package pdftex.def Info: grangerCuFenDuan.pdf used on input line 336.
(pdftex.def)             Requested size: 216.81pt x 280.57268pt.

[13 <C:/Users/iCell/Dropbox/PHD/åˆ˜æ™“é›ª/science/newCausalityFenDuan2.pdf> <C:
/Users/iCell/Dropbox/PHD/åˆ˜æ™“é›ª/science/grangerCuFenDuan.pdf>]
<corrcoeff.pdf, id=95, 614.295pt x 794.97pt>
File: corrcoeff.pdf Graphic file (type pdf)
 <use corrcoeff.pdf>
Package pdftex.def Info: corrcoeff.pdf used on input line 367.
(pdftex.def)             Requested size: 216.81pt x 280.57268pt.
 [14]
Overfull \hbox (10.88045pt too wide) in paragraph at lines 378--379
\OT1/ptm/m/n/12 As we are un-able to ob-tain cor-re-spond-ing da-ta of oth-er p
rovinces or c-ities,we on-ly take Guangzhou
 []

[15 <C:/Users/iCell/Dropbox/PHD/åˆ˜æ™“é›ª/science/corrcoeff.pdf>]
(C:\Users\iCell\Dropbox\PHD\åˆ˜æ™“é›ª\science\scifile.bbl

LaTeX Warning: Empty `thebibliography' environment on input line 3.

) [16] [17]
Overfull \hbox (15.23703pt too wide) in paragraph at lines 474--475
\OT1/ptm/m/n/12 This work was fund-ed by Na-tion-al Nat-u-ral Sci-ence Foun-da-
tion of Chi-na un-der Grant No.61473110,
 []

[18] (C:\Users\iCell\Dropbox\PHD\åˆ˜æ™“é›ª\science\scifile.aux)

LaTeX Warning: There were multiply-defined labels.

 ) 
Here is how much of TeX's memory you used:
 3571 strings out of 495354
 43627 string characters out of 3183859
 103928 words of memory out of 3000000
 6649 multiletter control sequences out of 15000+200000
 22646 words of font info for 65 fonts, out of 3000000 for 9000
 14 hyphenation exceptions out of 8191
 42i,9n,24p,2202b,291s stack positions out of 5000i,500n,10000p,200000b,50000s
{D:/CTEX/MiKTeX/fonts/enc/dvips/fontname/8r.enc}<D:/CTEX/MiKTeX/fonts/type1/p
ublic/amsfonts/cm/cmbx12.pfb><D:/CTEX/MiKTeX/fonts/type1/public/amsfonts/cm/cme
x10.pfb><D:/CTEX/MiKTeX/fonts/type1/public/amsfonts/cm/cmmi12.pfb><D:/CTEX/MiKT
eX/fonts/type1/public/amsfonts/cm/cmmi6.pfb><D:/CTEX/MiKTeX/fonts/type1/public/
amsfonts/cm/cmmi8.pfb><D:/CTEX/MiKTeX/fonts/type1/public/amsfonts/cm/cmr10.pfb>
<D:/CTEX/MiKTeX/fonts/type1/public/amsfonts/cm/cmr12.pfb><D:/CTEX/MiKTeX/fonts/
type1/public/amsfonts/cm/cmr6.pfb><D:/CTEX/MiKTeX/fonts/type1/public/amsfonts/c
m/cmr8.pfb><D:/CTEX/MiKTeX/fonts/type1/public/amsfonts/cm/cmsy10.pfb><D:/CTEX/M
iKTeX/fonts/type1/public/amsfonts/cm/cmsy8.pfb><D:/CTEX/MiKTeX/fonts/type1/urw/
times/utmb8a.pfb><D:/CTEX/MiKTeX/fonts/type1/urw/times/utmr8a.pfb><D:/CTEX/MiKT
eX/fonts/type1/urw/times/utmri8a.pfb>
Output written on scifile.pdf (18 pages, 215486 bytes).
PDF statistics:
 159 PDF objects out of 1000 (max. 8388607)
 0 named destinations out of 1000 (max. 500000)
 51 words of extra memory for PDF output out of 10000 (max. 10000000)

